<?xml version="1.0" encoding="UTF-8"?>
<!-- Generated by org.testng.reporters.JUnitReportReporter -->
<testsuite hostname="DESKTOP-LPFRVBE" failures="0" tests="4" name="netwin.MobileBanking1.MB_NEFT_AddBenefiary" time="29.353" errors="0" timestamp="2023-11-28T10:29:05 IST" skipped="3">
  <testcase classname="netwin.MobileBanking1.MB_NEFT_AddBenefiary" name="AddBeneficialry" time="29.353"/>
  <system-out/>
  <testcase classname="netwin.MobileBanking1.MB_NEFT_AddBenefiary" name="VerifyBeneficiary">
    <skipped/>
  </testcase> <!-- VerifyBeneficiary -->
  <system-out/>
  <testcase classname="netwin.MobileBanking1.MB_NEFT_AddBenefiary" name="CloseBeneficiary">
    <skipped/>
  </testcase> <!-- CloseBeneficiary -->
  <system-out/>
  <testcase classname="netwin.MobileBanking1.MB_NEFT_AddBenefiary" name="NEFTERequest">
    <skipped/>
  </testcase> <!-- NEFTERequest -->
  <system-out/>
</testsuite> <!-- netwin.MobileBanking1.MB_NEFT_AddBenefiary -->
