<?xml version="1.0" encoding="UTF-8"?>
<!-- Generated by org.testng.reporters.JUnitReportReporter -->
<testsuite hostname="DESKTOP-LPFRVBE" failures="0" tests="13" name="netwin.WebMathNew.SkillsForSucessPage" time="193.262" errors="0" timestamp="2023-09-06T13:55:08 IST" skipped="0">
  <testcase classname="netwin.WebMathNew.SkillsForSucessPage" name="skillsForSucess" time="24.477"/>
  <system-out/>
  <testcase classname="netwin.WebMathNew.SkillsForSucessPage" name="writingSkills" time="14.099"/>
  <system-out/>
  <testcase classname="netwin.WebMathNew.SkillsForSucessPage" name="readingSkills" time="13.846"/>
  <system-out/>
  <testcase classname="netwin.WebMathNew.SkillsForSucessPage" name="digitalSkills" time="13.513"/>
  <system-out/>
  <testcase classname="netwin.WebMathNew.SkillsForSucessPage" name="problemSolvingSkills" time="14.123"/>
  <system-out/>
  <testcase classname="netwin.WebMathNew.SkillsForSucessPage" name="communicationSkills" time="14.474"/>
  <system-out/>
  <testcase classname="netwin.WebMathNew.SkillsForSucessPage" name="numeracySkills" time="13.632"/>
  <system-out/>
  <testcase classname="netwin.WebMathNew.SkillsForSucessPage" name="creativitySkills" time="13.976"/>
  <system-out/>
  <testcase classname="netwin.WebMathNew.SkillsForSucessPage" name="collabrationSkills" time="13.877"/>
  <system-out/>
  <testcase classname="netwin.WebMathNew.SkillsForSucessPage" name="adaptibilitySkills" time="13.797"/>
  <system-out/>
  <testcase classname="netwin.WebMathNew.SkillsForSucessPage" name="upSkillsSkills" time="13.703"/>
  <system-out/>
  <testcase classname="netwin.WebMathNew.SkillsForSucessPage" name="skillsForLifeSeries" time="13.527"/>
  <system-out/>
  <testcase classname="netwin.WebMathNew.SkillsForSucessPage" name="jobSearchResouces" time="16.218"/>
  <system-out/>
</testsuite> <!-- netwin.WebMathNew.SkillsForSucessPage -->
