<?xml version="1.0" encoding="UTF-8"?>
<!-- Generated by org.testng.reporters.JUnitReportReporter -->
<testsuite hostname="DESKTOP-LPFRVBE" failures="0" tests="1" name="netwin.WebMathNew.AboutUsPage" time="14.926" errors="0" timestamp="2023-09-06T13:55:08 IST" skipped="0">
  <testcase classname="netwin.WebMathNew.AboutUsPage" name="aboutUs" time="14.926"/>
  <system-out/>
</testsuite> <!-- netwin.WebMathNew.AboutUsPage -->
