<?xml version="1.0" encoding="UTF-8"?>
<!-- Generated by org.testng.reporters.JUnitReportReporter -->
<testsuite hostname="DESKTOP-LPFRVBE" failures="0" tests="12" name="netwin.WebMathNew.StudentPage" time="171.801" errors="1" timestamp="2023-09-06T13:55:08 IST" skipped="0">
  <testcase classname="netwin.WebMathNew.StudentPage" name="student" time="13.463"/>
  <system-out/>
  <testcase classname="netwin.WebMathNew.StudentPage" name="stud_services" time="13.564"/>
  <system-out/>
  <testcase classname="netwin.WebMathNew.StudentPage" name="stud_find_tutor" time="14.261"/>
  <system-out/>
  <testcase classname="netwin.WebMathNew.StudentPage" name="stud_find_tutor" time="13.688">
    <error message="Keys to send should be a not null CharSequence" type="java.lang.IllegalArgumentException">
      <![CDATA[java.lang.IllegalArgumentException: Keys to send should be a not null CharSequence
at org.openqa.selenium.remote.RemoteWebElement.sendKeys(RemoteWebElement.java:98)
at netwin.WebMathNew.StudentPage.stud_find_tutor(StudentPage.java:62)
at java.base/jdk.internal.reflect.NativeMethodAccessorImpl.invoke0(Native Method)
at java.base/jdk.internal.reflect.NativeMethodAccessorImpl.invoke(NativeMethodAccessorImpl.java:77)
at java.base/jdk.internal.reflect.DelegatingMethodAccessorImpl.invoke(DelegatingMethodAccessorImpl.java:43)
at java.base/java.lang.reflect.Method.invoke(Method.java:568)
at org.testng.internal.invokers.MethodInvocationHelper.invokeMethod(MethodInvocationHelper.java:136)
at org.testng.internal.invokers.TestInvoker.invokeMethod(TestInvoker.java:658)
at org.testng.internal.invokers.TestInvoker.invokeTestMethod(TestInvoker.java:219)
at org.testng.internal.invokers.MethodRunner.runInSequence(MethodRunner.java:50)
at org.testng.internal.invokers.TestInvoker$MethodInvocationAgent.invoke(TestInvoker.java:923)
at org.testng.internal.invokers.TestInvoker.invokeTestMethods(TestInvoker.java:192)
at org.testng.internal.invokers.TestMethodWorker.invokeTestMethods(TestMethodWorker.java:146)
at org.testng.internal.invokers.TestMethodWorker.run(TestMethodWorker.java:128)
at java.base/java.util.ArrayList.forEach(ArrayList.java:1511)
at org.testng.TestRunner.privateRun(TestRunner.java:808)
at org.testng.TestRunner.run(TestRunner.java:603)
at org.testng.SuiteRunner.runTest(SuiteRunner.java:429)
at org.testng.SuiteRunner.runSequentially(SuiteRunner.java:423)
at org.testng.SuiteRunner.privateRun(SuiteRunner.java:383)
at org.testng.SuiteRunner.run(SuiteRunner.java:326)
at org.testng.SuiteRunnerWorker.runSuite(SuiteRunnerWorker.java:52)
at org.testng.SuiteRunnerWorker.run(SuiteRunnerWorker.java:95)
at org.testng.TestNG.runSuitesSequentially(TestNG.java:1249)
at org.testng.TestNG.runSuitesLocally(TestNG.java:1169)
at org.testng.TestNG.runSuites(TestNG.java:1092)
at org.testng.TestNG.run(TestNG.java:1060)
at org.testng.remote.AbstractRemoteTestNG.run(AbstractRemoteTestNG.java:115)
at org.testng.remote.RemoteTestNG.initAndRun(RemoteTestNG.java:251)
at org.testng.remote.RemoteTestNG.main(RemoteTestNG.java:77)
]]>
    </error>
  </testcase> <!-- stud_find_tutor -->
  <system-out/>
  <testcase classname="netwin.WebMathNew.StudentPage" name="stud_find_tutor" time="14.419"/>
  <system-out/>
  <testcase classname="netwin.WebMathNew.StudentPage" name="stud_find_tutor" time="14.552"/>
  <system-out/>
  <testcase classname="netwin.WebMathNew.StudentPage" name="stud_find_tutor" time="14.464"/>
  <system-out/>
  <testcase classname="netwin.WebMathNew.StudentPage" name="stud_find_tutor" time="15.062"/>
  <system-out/>
  <testcase classname="netwin.WebMathNew.StudentPage" name="stud_find_tutor" time="14.619"/>
  <system-out/>
  <testcase classname="netwin.WebMathNew.StudentPage" name="stud_find_tutor" time="15.892"/>
  <system-out/>
  <testcase classname="netwin.WebMathNew.StudentPage" name="stud_find_tutor" time="14.224"/>
  <system-out/>
  <testcase classname="netwin.WebMathNew.StudentPage" name="stud_resources" time="13.593"/>
  <system-out/>
</testsuite> <!-- netwin.WebMathNew.StudentPage -->
